<?xml version="1.0" encoding="UTF-8"?>
<!-- Generated by org.testng.reporters.JUnitReportReporter -->
<testsuite skipped="0" hostname="LAPTOP-0MLMGFQH" name="com.testcases.registertestcase" tests="1" failures="0" timestamp="28 Apr 2020 01:15:13 GMT" time="5.489" errors="0">
  <testcase name="signup" time="5.489" classname="com.testcases.registertestcase"/>
</testsuite> <!-- com.testcases.registertestcase -->
