<?xml version="1.0" encoding="UTF-8"?>
<!-- Generated by org.testng.reporters.JUnitReportReporter -->
<testsuite skipped="0" hostname="LAPTOP-0MLMGFQH" name="com.testcases.orangetest" tests="1" failures="0" timestamp="28 Apr 2020 18:49:11 GMT" time="4.401" errors="0">
  <testcase name="loginpage" time="4.401" classname="com.testcases.orangetest"/>
</testsuite> <!-- com.testcases.orangetest -->
