<?xml version="1.0" encoding="UTF-8"?>
<!-- Generated by org.testng.reporters.JUnitReportReporter -->
<testsuite skipped="0" hostname="LAPTOP-0MLMGFQH" name="com.testcases.Logintestcases" tests="1" failures="0" timestamp="28 Apr 2020 01:32:26 GMT" time="1.732" errors="0">
  <testcase name="login" time="1.732" classname="com.testcases.Logintestcases"/>
</testsuite> <!-- com.testcases.Logintestcases -->
