<?xml version="1.0" encoding="UTF-8"?>
<!-- Generated by org.testng.reporters.JUnitReportReporter -->
<testsuite skipped="0" hostname="LAPTOP-0MLMGFQH" name="com.testcases.loginhrmtestcase" tests="1" failures="0" timestamp="28 Apr 2020 16:06:41 GMT" time="16.652" errors="0">
  <testcase name="login" time="16.652" classname="com.testcases.loginhrmtestcase"/>
</testsuite> <!-- com.testcases.loginhrmtestcase -->
